#-----------------------------------------------------------
# Vivado v2018.3 (64-bit)
# SW Build 2405991 on Thu Dec  6 23:38:27 MST 2018
# IP Build 2404404 on Fri Dec  7 01:43:56 MST 2018
# Start of session at: Wed Mar 10 18:49:48 2021
# Process ID: 12856
# Current directory: C:/Users/XD/Documents/OneDrive - Universidad de Alcala/UART32/UART32/Receiver/receiver
# Command line: vivado.exe -gui_launcher_event rodinguilauncherevent14104 C:\Users\XD\Documents\OneDrive - Universidad de Alcala\UART32\UART32\Receiver\receiver\receiver.xpr
# Log file: C:/Users/XD/Documents/OneDrive - Universidad de Alcala/UART32/UART32/Receiver/receiver/vivado.log
# Journal file: C:/Users/XD/Documents/OneDrive - Universidad de Alcala/UART32/UART32/Receiver/receiver\vivado.jou
#-----------------------------------------------------------
start_gui
open_project {C:/Users/XD/Documents/OneDrive - Universidad de Alcala/UART32/UART32/Receiver/receiver/receiver.xpr}
INFO: [ProjectBase 1-489] The host OS only allows 260 characters in a normal path. The project is stored in a path with more than 80 characters. If you experience issues with IP, Block Designs, or files not being found, please consider moving the project to a location with a shorter path. Alternately consider using the OS subst command to map part of the path to a drive letter.
Current project path is 'C:/Users/XD/Documents/OneDrive - Universidad de Alcala/UART32/UART32/Receiver/receiver'
WARNING: [Board 49-69] Validation failed for board file C:/Xilinx/Vivado/2018.3/data/boards/board_files/Zynq-eame/1.5/board.xml:
 Pin Map file does not provide LOC constraints for leds_5COMP : soceame.wordpress.com:zynq-eame:part0:1.5

CRITICAL WARNING: [Board 49-56] Problem parsing board file - C:/Xilinx/Vivado/2018.3/data/boards/board_files/Zynq-eame/1.5/board.xml
Scanning sources...
Finished scanning sources
INFO: [IP_Flow 19-234] Refreshing IP repositories
INFO: [IP_Flow 19-1704] No user IP repositories specified
INFO: [IP_Flow 19-2313] Loaded Vivado IP repository 'C:/Xilinx/Vivado/2018.3/data/ip'.
open_project: Time (s): cpu = 00:00:14 ; elapsed = 00:00:06 . Memory (MB): peak = 730.078 ; gain = 119.023
update_compile_order -fileset sources_1
exit
INFO: [Common 17-206] Exiting Vivado at Wed Mar 10 18:50:37 2021...
