#-----------------------------------------------------------
# Vivado v2018.3 (64-bit)
# SW Build 2405991 on Thu Dec  6 23:38:27 MST 2018
# IP Build 2404404 on Fri Dec  7 01:43:56 MST 2018
# Start of session at: Wed Mar 10 18:51:05 2021
# Process ID: 4196
# Current directory: C:/Users/XD/Documents/OneDrive - Universidad de Alcala/UART32/UART32/Receiver/receiver
# Command line: vivado.exe -gui_launcher_event rodinguilauncherevent16760 C:\Users\XD\Documents\OneDrive - Universidad de Alcala\UART32\UART32\Receiver\receiver\receiver.xpr
# Log file: C:/Users/XD/Documents/OneDrive - Universidad de Alcala/UART32/UART32/Receiver/receiver/vivado.log
# Journal file: C:/Users/XD/Documents/OneDrive - Universidad de Alcala/UART32/UART32/Receiver/receiver\vivado.jou
#-----------------------------------------------------------
start_gui
open_project {C:/Users/XD/Documents/OneDrive - Universidad de Alcala/UART32/UART32/Receiver/receiver/receiver.xpr}
INFO: [ProjectBase 1-489] The host OS only allows 260 characters in a normal path. The project is stored in a path with more than 80 characters. If you experience issues with IP, Block Designs, or files not being found, please consider moving the project to a location with a shorter path. Alternately consider using the OS subst command to map part of the path to a drive letter.
Current project path is 'C:/Users/XD/Documents/OneDrive - Universidad de Alcala/UART32/UART32/Receiver/receiver'
WARNING: [Board 49-69] Validation failed for board file C:/Xilinx/Vivado/2018.3/data/boards/board_files/Zynq-eame/1.5/board.xml:
 Pin Map file does not provide LOC constraints for leds_5COMP : soceame.wordpress.com:zynq-eame:part0:1.5

CRITICAL WARNING: [Board 49-56] Problem parsing board file - C:/Xilinx/Vivado/2018.3/data/boards/board_files/Zynq-eame/1.5/board.xml
Scanning sources...
Finished scanning sources
INFO: [IP_Flow 19-234] Refreshing IP repositories
INFO: [IP_Flow 19-1704] No user IP repositories specified
INFO: [IP_Flow 19-2313] Loaded Vivado IP repository 'C:/Xilinx/Vivado/2018.3/data/ip'.
open_project: Time (s): cpu = 00:00:16 ; elapsed = 00:00:06 . Memory (MB): peak = 710.031 ; gain = 82.473
update_compile_order -fileset sources_1
close [ open {C:/Users/XD/Documents/OneDrive - Universidad de Alcala/UART32/UART32/Receiver/receiver/receiver.srcs/sources_1/new/RX.vhd} w ]
add_files {{C:/Users/XD/Documents/OneDrive - Universidad de Alcala/UART32/UART32/Receiver/receiver/receiver.srcs/sources_1/new/RX.vhd}}
update_compile_order -fileset sources_1
export_ip_user_files -of_objects  [get_files {{C:/Users/XD/Documents/OneDrive - Universidad de Alcala/UART32/UART32/Receiver/receiver/receiver.srcs/sources_1/new/protocolo.vhd}}] -no_script -reset -force -quiet
remove_files  {{C:/Users/XD/Documents/OneDrive - Universidad de Alcala/UART32/UART32/Receiver/receiver/receiver.srcs/sources_1/new/protocolo.vhd}}
set_property SOURCE_SET sources_1 [get_filesets sim_1]
close [ open {C:/Users/XD/Documents/OneDrive - Universidad de Alcala/UART32/UART32/Receiver/receiver/receiver.srcs/sim_1/new/RX_tb.vhd} w ]
add_files -fileset sim_1 {{C:/Users/XD/Documents/OneDrive - Universidad de Alcala/UART32/UART32/Receiver/receiver/receiver.srcs/sim_1/new/RX_tb.vhd}}
update_compile_order -fileset sim_1
set_property top RX_tb [get_filesets sim_1]
set_property top_lib xil_defaultlib [get_filesets sim_1]
export_ip_user_files -of_objects  [get_files {{C:/Users/XD/Documents/OneDrive - Universidad de Alcala/UART32/UART32/Receiver/receiver/receiver.srcs/sim_1/new/protocolo_tb.vhd}}] -no_script -reset -force -quiet
remove_files  -fileset sim_1 {{C:/Users/XD/Documents/OneDrive - Universidad de Alcala/UART32/UART32/Receiver/receiver/receiver.srcs/sim_1/new/protocolo_tb.vhd}}
update_compile_order -fileset sim_1
export_ip_user_files -of_objects  [get_files {{C:/Users/XD/Documents/OneDrive - Universidad de Alcala/UART32/UART32/Receiver/receiver/receiver.srcs/sim_1/new/RX_tb.vhd}}] -no_script -reset -force -quiet
remove_files  -fileset sim_1 {{C:/Users/XD/Documents/OneDrive - Universidad de Alcala/UART32/UART32/Receiver/receiver/receiver.srcs/sim_1/new/RX_tb.vhd}}
set_property SOURCE_SET sources_1 [get_filesets sim_1]
add_files -fileset sim_1 -norecurse {{C:/Users/XD/Documents/OneDrive - Universidad de Alcala/UART32/UART32/Receiver/receiver/receiver.srcs/sim_1/new/RX_tb.vhd}}
update_compile_order -fileset sim_1
set_property SOURCE_SET sources_1 [get_filesets sim_1]
add_files -fileset sim_1 -norecurse {{C:/Users/XD/Documents/OneDrive - Universidad de Alcala/UART32/UART32/Receiver/receiver/receiver.srcs/sim_1/new/RX_tb.vhd}}
WARNING: [filemgmt 56-12] File 'C:/Users/XD/Documents/OneDrive - Universidad de Alcala/UART32/UART32/Receiver/receiver/receiver.srcs/sim_1/new/RX_tb.vhd' cannot be added to the project because it already exists in the project, skipping this file
export_ip_user_files -of_objects  [get_files {{C:/Users/XD/Documents/OneDrive - Universidad de Alcala/UART32/UART32/Receiver/receiver/receiver.srcs/sim_1/new/RX_tb.vhd}}] -no_script -reset -force -quiet
remove_files  -fileset sim_1 {{C:/Users/XD/Documents/OneDrive - Universidad de Alcala/UART32/UART32/Receiver/receiver/receiver.srcs/sim_1/new/RX_tb.vhd}}
set_property SOURCE_SET sources_1 [get_filesets sim_1]
add_files -fileset sim_1 -norecurse {{C:/Users/XD/Documents/OneDrive - Universidad de Alcala/UART32/UART32/Receiver/receiver/receiver.srcs/sim_1/new/RX_tb.vhd}}
update_compile_order -fileset sim_1
update_compile_order -fileset sim_1
WARNING: [filemgmt 56-199] Attempt to get parsing info during refresh. "On-the-fly" syntax checking information may be incorrect. [C:/Users/XD/Documents/OneDrive - Universidad de Alcala/UART32/UART32/Receiver/receiver/receiver.srcs/sim_1/new/protocolo_tb.vhd:]
WARNING: [filemgmt 56-199] Attempt to get parsing info during refresh. "On-the-fly" syntax checking information may be incorrect. [C:/Users/XD/Documents/OneDrive - Universidad de Alcala/UART32/UART32/Receiver/receiver/receiver.srcs/sources_1/new/protocolo.vhd:]
WARNING: [filemgmt 56-199] Attempt to get parsing info during refresh. "On-the-fly" syntax checking information may be incorrect. [C:/Users/XD/Documents/OneDrive - Universidad de Alcala/UART32/UART32/Receiver/receiver/receiver.srcs/sim_1/new/RX_tb.vhd:]
ERROR: [Common 17-180] Spawn failed: No error
WARNING: [filemgmt 56-199] Attempt to get parsing info during refresh. "On-the-fly" syntax checking information may be incorrect. [C:/Users/XD/Documents/OneDrive - Universidad de Alcala/UART32/UART32/Receiver/receiver/receiver.srcs/sim_1/new/protocolo_tb.vhd:]
WARNING: [filemgmt 56-199] Attempt to get parsing info during refresh. "On-the-fly" syntax checking information may be incorrect. [C:/Users/XD/Documents/OneDrive - Universidad de Alcala/UART32/UART32/Receiver/receiver/receiver.srcs/sources_1/new/protocolo.vhd:]
WARNING: [filemgmt 56-199] Attempt to get parsing info during refresh. "On-the-fly" syntax checking information may be incorrect. [C:/Users/XD/Documents/OneDrive - Universidad de Alcala/UART32/UART32/Receiver/receiver/receiver.srcs/sim_1/new/RX_tb.vhd:]
ERROR: [Common 17-180] Spawn failed: No error
WARNING: [filemgmt 56-199] Attempt to get parsing info during refresh. "On-the-fly" syntax checking information may be incorrect. [C:/Users/XD/Documents/OneDrive - Universidad de Alcala/UART32/UART32/Receiver/receiver/receiver.srcs/sim_1/new/protocolo_tb.vhd:]
WARNING: [filemgmt 56-199] Attempt to get parsing info during refresh. "On-the-fly" syntax checking information may be incorrect. [C:/Users/XD/Documents/OneDrive - Universidad de Alcala/UART32/UART32/Receiver/receiver/receiver.srcs/sources_1/new/protocolo.vhd:]
WARNING: [filemgmt 56-199] Attempt to get parsing info during refresh. "On-the-fly" syntax checking information may be incorrect. [C:/Users/XD/Documents/OneDrive - Universidad de Alcala/UART32/UART32/Receiver/receiver/receiver.srcs/sim_1/new/RX_tb.vhd:]
ERROR: [Common 17-180] Spawn failed: No error
WARNING: [filemgmt 56-199] Attempt to get parsing info during refresh. "On-the-fly" syntax checking information may be incorrect. [C:/Users/XD/Documents/OneDrive - Universidad de Alcala/UART32/UART32/Receiver/receiver/receiver.srcs/sim_1/new/protocolo_tb.vhd:]
WARNING: [filemgmt 56-199] Attempt to get parsing info during refresh. "On-the-fly" syntax checking information may be incorrect. [C:/Users/XD/Documents/OneDrive - Universidad de Alcala/UART32/UART32/Receiver/receiver/receiver.srcs/sources_1/new/protocolo.vhd:]
WARNING: [filemgmt 56-199] Attempt to get parsing info during refresh. "On-the-fly" syntax checking information may be incorrect. [C:/Users/XD/Documents/OneDrive - Universidad de Alcala/UART32/UART32/Receiver/receiver/receiver.srcs/sim_1/new/RX_tb.vhd:]
ERROR: [Common 17-180] Spawn failed: No error
set_property top RX_tb [get_filesets sim_1]
exit
INFO: [Common 17-206] Exiting Vivado at Wed Mar 10 18:58:45 2021...
